<?xml version="1.0" encoding="UTF-8"?>
<coverage generated="1661115816772" clover="3.2.0">
  <project timestamp="1661115816773" name="All files">
    <metrics statements="34" coveredstatements="34" conditionals="0" coveredconditionals="0" methods="8" coveredmethods="8" elements="42" coveredelements="42" complexity="0" loc="34" ncloc="34" packages="3" files="5" classes="5"/>
    <package name="Hora">
      <metrics statements="6" coveredstatements="6" conditionals="0" coveredconditionals="0" methods="1" coveredmethods="1"/>
      <file name="valorHora.js" path="C:\Users\ana.sacramento\workspace\imersao-js-on22-oficina-3\src\dominio\calculadora\Hora\valorHora.js">
        <metrics statements="6" coveredstatements="6" conditionals="0" coveredconditionals="0" methods="1" coveredmethods="1"/>
        <line num="4" count="1" type="stmt"/>
        <line num="6" count="1" type="stmt"/>
        <line num="7" count="2" type="stmt"/>
        <line num="8" count="2" type="stmt"/>
        <line num="10" count="2" type="stmt"/>
        <line num="13" count="1" type="stmt"/>
      </file>
    </package>
    <package name="Projeto">
      <metrics statements="22" coveredstatements="22" conditionals="0" coveredconditionals="0" methods="7" coveredmethods="7"/>
      <file name="horasPorProjeto.js" path="C:\Users\ana.sacramento\workspace\imersao-js-on22-oficina-3\src\dominio\calculadora\Projeto\horasPorProjeto.js">
        <metrics statements="6" coveredstatements="6" conditionals="0" coveredconditionals="0" methods="3" coveredmethods="3"/>
        <line num="1" count="3" type="stmt"/>
        <line num="3" count="3" type="stmt"/>
        <line num="4" count="2" type="stmt"/>
        <line num="5" count="5" type="stmt"/>
        <line num="6" count="5" type="stmt"/>
        <line num="9" count="3" type="stmt"/>
      </file>
      <file name="pacote.js" path="C:\Users\ana.sacramento\workspace\imersao-js-on22-oficina-3\src\dominio\calculadora\Projeto\pacote.js">
        <metrics statements="4" coveredstatements="4" conditionals="0" coveredconditionals="0" methods="2" coveredmethods="2"/>
        <line num="1" count="3" type="stmt"/>
        <line num="3" count="3" type="stmt"/>
        <line num="4" count="6" type="stmt"/>
        <line num="7" count="3" type="stmt"/>
      </file>
      <file name="valorProjeto.js" path="C:\Users\ana.sacramento\workspace\imersao-js-on22-oficina-3\src\dominio\calculadora\Projeto\valorProjeto.js">
        <metrics statements="12" coveredstatements="12" conditionals="0" coveredconditionals="0" methods="2" coveredmethods="2"/>
        <line num="1" count="2" type="stmt"/>
        <line num="2" count="2" type="stmt"/>
        <line num="3" count="2" type="stmt"/>
        <line num="5" count="2" type="stmt"/>
        <line num="6" count="2" type="stmt"/>
        <line num="9" count="2" type="stmt"/>
        <line num="10" count="1" type="stmt"/>
        <line num="12" count="1" type="stmt"/>
        <line num="14" count="1" type="stmt"/>
        <line num="16" count="1" type="stmt"/>
        <line num="19" count="2" type="stmt"/>
        <line num="20" count="2" type="stmt"/>
      </file>
    </package>
    <package name="constantes">
      <metrics statements="6" coveredstatements="6" conditionals="0" coveredconditionals="0" methods="0" coveredmethods="0"/>
      <file name="constantes.js" path="C:\Users\ana.sacramento\workspace\imersao-js-on22-oficina-3\src\dominio\calculadora\constantes\constantes.js">
        <metrics statements="6" coveredstatements="6" conditionals="0" coveredconditionals="0" methods="0" coveredmethods="0"/>
        <line num="1" count="5" type="stmt"/>
        <line num="2" count="5" type="stmt"/>
        <line num="4" count="5" type="stmt"/>
        <line num="10" count="5" type="stmt"/>
        <line num="16" count="5" type="stmt"/>
        <line num="27" count="5" type="stmt"/>
      </file>
    </package>
  </project>
</coverage>
