{"C:\\Users\\Julia\\Documents\\projetos\\reprograma\\imersao-js-on22-oficina-3\\src\\dominio\\calculadora\\Hora\\valorHora.js": {"path":"C:\\Users\\Julia\\Documents\\projetos\\reprograma\\imersao-js-on22-oficina-3\\src\\dominio\\calculadora\\Hora\\valorHora.js","statementMap":{"0":{"start":{"line":4,"column":4},"end":{"line":4,"column":39}},"1":{"start":{"line":6,"column":29},"end":{"line":11,"column":1}},"2":{"start":{"line":7,"column":34},"end":{"line":7,"column":67}},"3":{"start":{"line":8,"column":23},"end":{"line":8,"column":59}},"4":{"start":{"line":10,"column":2},"end":{"line":10,"column":33}},"5":{"start":{"line":13,"column":0},"end":{"line":13,"column":52}}},"fnMap":{"0":{"name":"(anonymous_0)","decl":{"start":{"line":6,"column":29},"end":{"line":6,"column":30}},"loc":{"start":{"line":6,"column":46},"end":{"line":11,"column":1}},"line":6}},"branchMap":{},"s":{"0":1,"1":1,"2":1,"3":1,"4":1,"5":1},"f":{"0":1},"b":{},"_coverageSchema":"1a1c01bbd47fc00a2c39e90264f33305004495a9","hash":"b1ae68bf5c996abbc9d01535e5798155f9074a1c"}
,"C:\\Users\\Julia\\Documents\\projetos\\reprograma\\imersao-js-on22-oficina-3\\src\\dominio\\calculadora\\Projeto\\horasPorProjeto.js": {"path":"C:\\Users\\Julia\\Documents\\projetos\\reprograma\\imersao-js-on22-oficina-3\\src\\dominio\\calculadora\\Projeto\\horasPorProjeto.js","statementMap":{"0":{"start":{"line":1,"column":37},"end":{"line":1,"column":72}},"1":{"start":{"line":3,"column":31},"end":{"line":7,"column":1}},"2":{"start":{"line":4,"column":2},"end":{"line":6,"column":57}},"3":{"start":{"line":5,"column":17},"end":{"line":5,"column":47}},"4":{"start":{"line":6,"column":35},"end":{"line":6,"column":53}},"5":{"start":{"line":9,"column":0},"end":{"line":9,"column":56}}},"fnMap":{"0":{"name":"(anonymous_0)","decl":{"start":{"line":3,"column":31},"end":{"line":3,"column":32}},"loc":{"start":{"line":4,"column":2},"end":{"line":6,"column":57}},"line":4},"1":{"name":"(anonymous_1)","decl":{"start":{"line":5,"column":9},"end":{"line":5,"column":10}},"loc":{"start":{"line":5,"column":17},"end":{"line":5,"column":47}},"line":5},"2":{"name":"(anonymous_2)","decl":{"start":{"line":6,"column":12},"end":{"line":6,"column":13}},"loc":{"start":{"line":6,"column":35},"end":{"line":6,"column":53}},"line":6}},"branchMap":{},"s":{"0":2,"1":2,"2":4,"3":19,"4":19,"5":2},"f":{"0":4,"1":19,"2":19},"b":{},"_coverageSchema":"1a1c01bbd47fc00a2c39e90264f33305004495a9","hash":"007712a8ff4f5b47566968cf6b3433ca5a307600"}
,"C:\\Users\\Julia\\Documents\\projetos\\reprograma\\imersao-js-on22-oficina-3\\src\\dominio\\calculadora\\Projeto\\pacote.js": {"path":"C:\\Users\\Julia\\Documents\\projetos\\reprograma\\imersao-js-on22-oficina-3\\src\\dominio\\calculadora\\Projeto\\pacote.js","statementMap":{"0":{"start":{"line":1,"column":33},"end":{"line":1,"column":68}},"1":{"start":{"line":3,"column":23},"end":{"line":5,"column":4}},"2":{"start":{"line":3,"column":51},"end":{"line":5,"column":4}},"3":{"start":{"line":4,"column":26},"end":{"line":4,"column":57}},"4":{"start":{"line":7,"column":0},"end":{"line":7,"column":40}}},"fnMap":{"0":{"name":"(anonymous_0)","decl":{"start":{"line":3,"column":23},"end":{"line":3,"column":24}},"loc":{"start":{"line":3,"column":51},"end":{"line":5,"column":4}},"line":3},"1":{"name":"(anonymous_1)","decl":{"start":{"line":4,"column":8},"end":{"line":4,"column":9}},"loc":{"start":{"line":4,"column":26},"end":{"line":4,"column":57}},"line":4}},"branchMap":{},"s":{"0":2,"1":2,"2":3,"3":6,"4":2},"f":{"0":3,"1":6},"b":{},"_coverageSchema":"1a1c01bbd47fc00a2c39e90264f33305004495a9","hash":"be86dbd3ed084ce6f60ee55429411e5fc45d6a9f"}
,"C:\\Users\\Julia\\Documents\\projetos\\reprograma\\imersao-js-on22-oficina-3\\src\\dominio\\calculadora\\Projeto\\valorProjeto.js": {"path":"C:\\Users\\Julia\\Documents\\projetos\\reprograma\\imersao-js-on22-oficina-3\\src\\dominio\\calculadora\\Projeto\\valorProjeto.js","statementMap":{"0":{"start":{"line":1,"column":41},"end":{"line":1,"column":76}},"1":{"start":{"line":2,"column":35},"end":{"line":2,"column":63}},"2":{"start":{"line":3,"column":27},"end":{"line":3,"column":46}},"3":{"start":{"line":5,"column":33},"end":{"line":7,"column":1}},"4":{"start":{"line":6,"column":2},"end":{"line":6,"column":44}},"5":{"start":{"line":9,"column":34},"end":{"line":17,"column":1}},"6":{"start":{"line":10,"column":33},"end":{"line":10,"column":72}},"7":{"start":{"line":12,"column":17},"end":{"line":12,"column":55}},"8":{"start":{"line":14,"column":20},"end":{"line":14,"column":79}},"9":{"start":{"line":16,"column":2},"end":{"line":16,"column":70}},"10":{"start":{"line":19,"column":0},"end":{"line":22,"column":1}}},"fnMap":{"0":{"name":"(anonymous_0)","decl":{"start":{"line":5,"column":33},"end":{"line":5,"column":34}},"loc":{"start":{"line":5,"column":72},"end":{"line":7,"column":1}},"line":5},"1":{"name":"(anonymous_1)","decl":{"start":{"line":9,"column":34},"end":{"line":9,"column":35}},"loc":{"start":{"line":9,"column":66},"end":{"line":17,"column":1}},"line":9}},"branchMap":{},"s":{"0":1,"1":1,"2":1,"3":1,"4":4,"5":1,"6":3,"7":3,"8":3,"9":3,"10":1},"f":{"0":4,"1":3},"b":{},"_coverageSchema":"1a1c01bbd47fc00a2c39e90264f33305004495a9","hash":"2923b6e4fc13cd8417ff975f39e6c6cc2e391980"}
,"C:\\Users\\Julia\\Documents\\projetos\\reprograma\\imersao-js-on22-oficina-3\\src\\dominio\\calculadora\\constantes\\constantes.js": {"path":"C:\\Users\\Julia\\Documents\\projetos\\reprograma\\imersao-js-on22-oficina-3\\src\\dominio\\calculadora\\constantes\\constantes.js","statementMap":{"0":{"start":{"line":1,"column":26},"end":{"line":1,"column":28}},"1":{"start":{"line":2,"column":22},"end":{"line":2,"column":23}},"2":{"start":{"line":4,"column":29},"end":{"line":8,"column":1}},"3":{"start":{"line":10,"column":37},"end":{"line":14,"column":1}},"4":{"start":{"line":16,"column":33},"end":{"line":25,"column":1}},"5":{"start":{"line":27,"column":0},"end":{"line":33,"column":1}}},"fnMap":{},"branchMap":{},"s":{"0":5,"1":5,"2":5,"3":5,"4":5,"5":5},"f":{},"b":{},"_coverageSchema":"1a1c01bbd47fc00a2c39e90264f33305004495a9","hash":"52a95750e2b7caead46aeda5720c57af762edcbf"}
}
