TN:
SF:src\dominio\calculadora\Hora\valorHora.js
FN:6,(anonymous_0)
FNF:1
FNH:1
FNDA:1,(anonymous_0)
DA:4,1
DA:6,1
DA:7,1
DA:8,1
DA:10,1
DA:13,1
LF:6
LH:6
BRF:0
BRH:0
end_of_record
TN:
SF:src\dominio\calculadora\Projeto\horasPorProjeto.js
FN:3,(anonymous_0)
FN:5,(anonymous_1)
FN:6,(anonymous_2)
FNF:3
FNH:3
FNDA:4,(anonymous_0)
FNDA:19,(anonymous_1)
FNDA:19,(anonymous_2)
DA:1,2
DA:3,2
DA:4,4
DA:5,19
DA:6,19
DA:9,2
LF:6
LH:6
BRF:0
BRH:0
end_of_record
TN:
SF:src\dominio\calculadora\Projeto\pacote.js
FN:3,(anonymous_0)
FN:4,(anonymous_1)
FNF:2
FNH:2
FNDA:3,(anonymous_0)
FNDA:6,(anonymous_1)
DA:1,2
DA:3,3
DA:4,6
DA:7,2
LF:4
LH:4
BRF:0
BRH:0
end_of_record
TN:
SF:src\dominio\calculadora\Projeto\valorProjeto.js
FN:5,(anonymous_0)
FN:9,(anonymous_1)
FNF:2
FNH:2
FNDA:4,(anonymous_0)
FNDA:3,(anonymous_1)
DA:1,1
DA:2,1
DA:3,1
DA:5,1
DA:6,4
DA:9,1
DA:10,3
DA:12,3
DA:14,3
DA:16,3
DA:19,1
LF:11
LH:11
BRF:0
BRH:0
end_of_record
TN:
SF:src\dominio\calculadora\constantes\constantes.js
FNF:0
FNH:0
DA:1,5
DA:2,5
DA:4,5
DA:10,5
DA:16,5
DA:27,5
LF:6
LH:6
BRF:0
BRH:0
end_of_record
